c:\dev\thelyceum\zombie arena\bin\intermediates\win32\debug\vc143.pdb
c:\dev\thelyceum\zombie arena\bin\intermediates\win32\debug\vc143.idb
c:\dev\thelyceum\zombie arena\bin\intermediates\win32\debug\zombie.obj
c:\dev\thelyceum\zombie arena\bin\intermediates\win32\debug\zombie arena.obj
c:\dev\thelyceum\zombie arena\bin\intermediates\win32\debug\textureholder.obj
c:\dev\thelyceum\zombie arena\bin\intermediates\win32\debug\player.obj
c:\dev\thelyceum\zombie arena\bin\intermediates\win32\debug\pickup.obj
c:\dev\thelyceum\zombie arena\bin\intermediates\win32\debug\createhorde.obj
c:\dev\thelyceum\zombie arena\bin\intermediates\win32\debug\createbackground.obj
c:\dev\thelyceum\zombie arena\bin\intermediates\win32\debug\bullet.obj
c:\dev\thelyceum\zombie arena\bin\intermediates\win32\debug\zombie arena.res
c:\dev\thelyceum\zombie arena\bin\win32\debug\zombie arena.pdb
c:\dev\thelyceum\zombie arena\bin\intermediates\win32\debug\zombie arena.vcxproj.filelistabsolute.txt
c:\dev\thelyceum\zombie arena\bin\intermediates\win32\debug\zombie arena.tlog\cl.command.1.tlog
c:\dev\thelyceum\zombie arena\bin\intermediates\win32\debug\zombie arena.tlog\cl.read.1.tlog
c:\dev\thelyceum\zombie arena\bin\intermediates\win32\debug\zombie arena.tlog\cl.write.1.tlog
c:\dev\thelyceum\zombie arena\bin\intermediates\win32\debug\zombie arena.tlog\link-cvtres.read.1.tlog
c:\dev\thelyceum\zombie arena\bin\intermediates\win32\debug\zombie arena.tlog\link-cvtres.write.1.tlog
c:\dev\thelyceum\zombie arena\bin\intermediates\win32\debug\zombie arena.tlog\link-rc.read.1.tlog
c:\dev\thelyceum\zombie arena\bin\intermediates\win32\debug\zombie arena.tlog\link-rc.write.1.tlog
c:\dev\thelyceum\zombie arena\bin\intermediates\win32\debug\zombie arena.tlog\link.command.1.tlog
c:\dev\thelyceum\zombie arena\bin\intermediates\win32\debug\zombie arena.tlog\link.read.1.tlog
c:\dev\thelyceum\zombie arena\bin\intermediates\win32\debug\zombie arena.tlog\link.write.1.tlog
c:\dev\thelyceum\zombie arena\bin\intermediates\win32\debug\zombie arena.tlog\rc.command.1.tlog
c:\dev\thelyceum\zombie arena\bin\intermediates\win32\debug\zombie arena.tlog\rc.read.1.tlog
c:\dev\thelyceum\zombie arena\bin\intermediates\win32\debug\zombie arena.tlog\rc.write.1.tlog
