Bob.obj : error LNK2001: unresolved external symbol "public: virtual __thiscall sf::Transformable::~Transformable(void)" (??1Transformable@sf@@UAE@XZ)
Bob.obj : error LNK2001: unresolved external symbol "public: __thiscall sf::Texture::~Texture(void)" (??1Texture@sf@@QAE@XZ)
Bob.obj : error LNK2001: unresolved external symbol "public: __thiscall sf::Texture::Texture(void)" (??0Texture@sf@@QAE@XZ)
Bob.obj : error LNK2001: unresolved external symbol "public: __thiscall sf::Sprite::Sprite(void)" (??0Sprite@sf@@QAE@XZ)
Bob.obj : error LNK2001: unresolved external symbol "public: __thiscall sf::Sprite::Sprite(class sf::Texture const &)" (??0Sprite@sf@@QAE@ABVTexture@1@@Z)
Draw.obj : error LNK2001: unresolved external symbol "public: static class sf::RenderStates const sf::RenderStates::Default" (?Default@RenderStates@sf@@2V12@B)
Draw.obj : error LNK2001: unresolved external symbol "public: static class sf::Color const sf::Color::White" (?White@Color@sf@@2V12@B)
Draw.obj : error LNK2001: unresolved external symbol "public: __thiscall sf::RenderStates::RenderStates(class sf::Texture const *)" (??0RenderStates@sf@@QAE@PBVTexture@1@@Z)
Draw.obj : error LNK2001: unresolved external symbol "public: __thiscall sf::RenderStates::RenderStates(class sf::Shader const *)" (??0RenderStates@sf@@QAE@PBVShader@1@@Z)
Draw.obj : error LNK2001: unresolved external symbol "public: void __thiscall sf::Shader::setUniform(class std::basic_string<char,struct std::char_traits<char>,class std::allocator<char> > const &,float)" (?setUniform@Shader@sf@@QAEXABV?$basic_string@DU?$char_traits@D@std@@V?$allocator@D@2@@std@@M@Z)
Draw.obj : error LNK2001: unresolved external symbol "public: void __thiscall sf::RenderTarget::draw(class sf::Drawable const &,class sf::RenderStates const &)" (?draw@RenderTarget@sf@@QAEXABVDrawable@2@ABVRenderStates@2@@Z)
Draw.obj : error LNK2001: unresolved external symbol "public: void __thiscall sf::RenderTarget::setView(class sf::View const &)" (?setView@RenderTarget@sf@@QAEXABVView@2@@Z)
Draw.obj : error LNK2001: unresolved external symbol "public: void __thiscall sf::RenderTarget::clear(class sf::Color const &)" (?clear@RenderTarget@sf@@QAEXABVColor@2@@Z)
Engine.obj : error LNK2001: unresolved external symbol "public: void __thiscall sf::View::reset(class sf::Rect<float> const &)" (?reset@View@sf@@QAEXABV?$Rect@M@2@@Z)
Engine.obj : error LNK2001: unresolved external symbol "public: void __thiscall sf::View::setViewport(class sf::Rect<float> const &)" (?setViewport@View@sf@@QAEXABV?$Rect@M@2@@Z)
Engine.obj : error LNK2001: unresolved external symbol "public: void __thiscall sf::View::setSize(class sf::Vector2<float> const &)" (?setSize@View@sf@@QAEXABV?$Vector2@M@2@@Z)
Engine.obj : error LNK2001: unresolved external symbol "public: __thiscall sf::View::View(void)" (??0View@sf@@QAE@XZ)
Engine.obj : error LNK2001: unresolved external symbol "public: class sf::Texture & __thiscall sf::Texture::operator=(class sf::Texture const &)" (??4Texture@sf@@QAEAAV01@ABV01@@Z)
Engine.obj : error LNK2001: unresolved external symbol "public: __thiscall sf::Font::~Font(void)" (??1Font@sf@@QAE@XZ)
Engine.obj : error LNK2001: unresolved external symbol "public: static bool __cdecl sf::Shader::isAvailable(void)" (?isAvailable@Shader@sf@@SA_NXZ)
Engine.obj : error LNK2001: unresolved external symbol "public: bool __thiscall sf::Shader::loadFromFile(class std::basic_string<char,struct std::char_traits<char>,class std::allocator<char> > const &,class std::basic_string<char,struct std::char_traits<char>,class std::allocator<char> > const &)" (?loadFromFile@Shader@sf@@QAE_NABV?$basic_string@DU?$char_traits@D@std@@V?$allocator@D@2@@std@@0@Z)
Engine.obj : error LNK2001: unresolved external symbol "public: __thiscall sf::Shader::~Shader(void)" (??1Shader@sf@@QAE@XZ)
Engine.obj : error LNK2001: unresolved external symbol "public: __thiscall sf::Shader::Shader(void)" (??0Shader@sf@@QAE@XZ)
Engine.obj : error LNK2001: unresolved external symbol "public: virtual __thiscall sf::RenderWindow::~RenderWindow(void)" (??1RenderWindow@sf@@UAE@XZ)
Engine.obj : error LNK2001: unresolved external symbol "public: __thiscall sf::RenderWindow::RenderWindow(void)" (??0RenderWindow@sf@@QAE@XZ)
Engine.obj : error LNK2001: unresolved external symbol "public: __thiscall sf::SoundBuffer::~SoundBuffer(void)" (??1SoundBuffer@sf@@QAE@XZ)
Engine.obj : error LNK2001: unresolved external symbol "public: __thiscall sf::VertexArray::VertexArray(void)" (??0VertexArray@sf@@QAE@XZ)
Engine.obj : error LNK2001: unresolved external symbol "public: virtual __thiscall sf::Sound::~Sound(void)" (??1Sound@sf@@UAE@XZ)
Engine.obj : error LNK2001: unresolved external symbol "public: void __thiscall sf::Sprite::setTexture(class sf::Texture const &,bool)" (?setTexture@Sprite@sf@@QAEXABVTexture@2@_N@Z)
HUD.obj : error LNK2001: unresolved external symbol "public: void __thiscall sf::Transformable::setOrigin(float,float)" (?setOrigin@Transformable@sf@@QAEXMM@Z)
HUD.obj : error LNK2001: unresolved external symbol "public: void __thiscall sf::Transformable::setPosition(float,float)" (?setPosition@Transformable@sf@@QAEXMM@Z)
HUD.obj : error LNK2001: unresolved external symbol "public: bool __thiscall sf::Font::loadFromFile(class std::basic_string<char,struct std::char_traits<char>,class std::allocator<char> > const &)" (?loadFromFile@Font@sf@@QAE_NABV?$basic_string@DU?$char_traits@D@std@@V?$allocator@D@2@@std@@@Z)
HUD.obj : error LNK2001: unresolved external symbol "public: __thiscall sf::Font::Font(void)" (??0Font@sf@@QAE@XZ)
HUD.obj : error LNK2001: unresolved external symbol "private: virtual void __thiscall sf::VertexArray::draw(class sf::RenderTarget &,class sf::RenderStates)const " (?draw@VertexArray@sf@@EBEXAAVRenderTarget@2@VRenderStates@2@@Z)
HUD.obj : error LNK2001: unresolved external symbol "private: virtual void __thiscall sf::Text::draw(class sf::RenderTarget &,class sf::RenderStates)const " (?draw@Text@sf@@EBEXAAVRenderTarget@2@VRenderStates@2@@Z)
HUD.obj : error LNK2001: unresolved external symbol "public: class sf::Rect<float> __thiscall sf::Text::getLocalBounds(void)const " (?getLocalBounds@Text@sf@@QBE?AV?$Rect@M@2@XZ)
HUD.obj : error LNK2001: unresolved external symbol "public: void __thiscall sf::Text::setFillColor(class sf::Color const &)" (?setFillColor@Text@sf@@QAEXABVColor@2@@Z)
HUD.obj : error LNK2001: unresolved external symbol "public: void __thiscall sf::Text::setCharacterSize(unsigned int)" (?setCharacterSize@Text@sf@@QAEXI@Z)
HUD.obj : error LNK2001: unresolved external symbol "public: void __thiscall sf::Text::setFont(class sf::Font const &)" (?setFont@Text@sf@@QAEXABVFont@2@@Z)
HUD.obj : error LNK2001: unresolved external symbol "public: void __thiscall sf::Text::setString(class sf::String const &)" (?setString@Text@sf@@QAEXABVString@2@@Z)
HUD.obj : error LNK2001: unresolved external symbol "public: __thiscall sf::Text::Text(void)" (??0Text@sf@@QAE@XZ)
LevelManager.obj : error LNK2001: unresolved external symbol "public: void __thiscall sf::VertexArray::setPrimitiveType(enum sf::PrimitiveType)" (?setPrimitiveType@VertexArray@sf@@QAEXW4PrimitiveType@2@@Z)
LevelManager.obj : error LNK2001: unresolved external symbol "public: void __thiscall sf::VertexArray::resize(unsigned int)" (?resize@VertexArray@sf@@QAEXI@Z)
LevelManager.obj : error LNK2001: unresolved external symbol "public: class sf::Vertex & __thiscall sf::VertexArray::operator[](unsigned int)" (??AVertexArray@sf@@QAEAAVVertex@1@I@Z)
ParticleSystem.obj : error LNK2001: unresolved external symbol "public: static class sf::Color const sf::Color::Yellow" (?Yellow@Color@sf@@2V12@B)
PlayableCharacter.obj : error LNK2001: unresolved external symbol "public: void __thiscall sf::Transformable::setPosition(class sf::Vector2<float> const &)" (?setPosition@Transformable@sf@@QAEXABV?$Vector2@M@2@@Z)
PlayableCharacter.obj : error LNK2001: unresolved external symbol "private: virtual void __thiscall sf::Sprite::draw(class sf::RenderTarget &,class sf::RenderStates)const " (?draw@Sprite@sf@@EBEXAAVRenderTarget@2@VRenderStates@2@@Z)
PlayableCharacter.obj : error LNK2001: unresolved external symbol "public: class sf::Rect<float> __thiscall sf::Sprite::getGlobalBounds(void)const " (?getGlobalBounds@Sprite@sf@@QBE?AV?$Rect@M@2@XZ)
SoundManger.obj : error LNK2001: unresolved external symbol "public: void __thiscall sf::SoundSource::setAttenuation(float)" (?setAttenuation@SoundSource@sf@@QAEXM@Z)
SoundManger.obj : error LNK2001: unresolved external symbol "public: void __thiscall sf::SoundSource::setMinDistance(float)" (?setMinDistance@SoundSource@sf@@QAEXM@Z)
SoundManger.obj : error LNK2001: unresolved external symbol "public: void __thiscall sf::SoundSource::setRelativeToListener(bool)" (?setRelativeToListener@SoundSource@sf@@QAEX_N@Z)
SoundManger.obj : error LNK2001: unresolved external symbol "public: void __thiscall sf::SoundSource::setPosition(float,float,float)" (?setPosition@SoundSource@sf@@QAEXMMM@Z)
SoundManger.obj : error LNK2001: unresolved external symbol "public: bool __thiscall sf::SoundBuffer::loadFromFile(class std::basic_string<char,struct std::char_traits<char>,class std::allocator<char> > const &)" (?loadFromFile@SoundBuffer@sf@@QAE_NABV?$basic_string@DU?$char_traits@D@std@@V?$allocator@D@2@@std@@@Z)
SoundManger.obj : error LNK2001: unresolved external symbol "public: __thiscall sf::SoundBuffer::SoundBuffer(void)" (??0SoundBuffer@sf@@QAE@XZ)
SoundManger.obj : error LNK2001: unresolved external symbol "public: void __thiscall sf::Sound::setLoop(bool)" (?setLoop@Sound@sf@@QAEX_N@Z)
SoundManger.obj : error LNK2001: unresolved external symbol "public: void __thiscall sf::Sound::setBuffer(class sf::SoundBuffer const &)" (?setBuffer@Sound@sf@@QAEXABVSoundBuffer@2@@Z)
SoundManger.obj : error LNK2001: unresolved external symbol "public: __thiscall sf::Sound::Sound(void)" (??0Sound@sf@@QAE@XZ)
SoundManger.obj : error LNK2001: unresolved external symbol "public: static void __cdecl sf::Listener::setPosition(float,float,float)" (?setPosition@Listener@sf@@SAXMMM@Z)
TextureHolder.obj : error LNK2001: unresolved external symbol "public: bool __thiscall sf::Texture::loadFromFile(class std::basic_string<char,struct std::char_traits<char>,class std::allocator<char> > const &,class sf::Rect<int> const &)" (?loadFromFile@Texture@sf@@QAE_NABV?$basic_string@DU?$char_traits@D@std@@V?$allocator@D@2@@std@@ABV?$Rect@H@2@@Z)
Update.obj : error LNK2001: unresolved external symbol "public: void __thiscall sf::View::setCenter(class sf::Vector2<float> const &)" (?setCenter@View@sf@@QAEXABV?$Vector2@M@2@@Z)
C:\dev\TheLyceum\TWL\bin\Win32\Release\TWL.exe : fatal error LNK1120: 60 unresolved externals
