  UIPanel.cpp
C:\Program Files\Microsoft Visual Studio\2022\Community\VC\Tools\MSVC\14.31.31103\include\xutility(149,77): warning C4244: 'argument': conversion from 'int' to 'float', possible loss of data
C:\Program Files\Microsoft Visual Studio\2022\Community\VC\Tools\MSVC\14.31.31103\include\memory(2006): message : see reference to function template instantiation 'void std::_Construct_in_place<_Ty,sf::Vector2<float>,int&,int&,int&,int&,int&,std::string&>(_Ty &,sf::Vector2<float> &&,int &,int &,int &,int &,int &,std::string &) noexcept(false)' being compiled
          with
          [
              _Ty=Button
          ]
C:\Program Files\Microsoft Visual Studio\2022\Community\VC\Tools\MSVC\14.31.31103\include\memory(2725): message : see reference to function template instantiation 'std::_Ref_count_obj2<_Ty>::_Ref_count_obj2<sf::Vector2<float>,int&,int&,int&,int&,int&,std::string&>(sf::Vector2<float> &&,int &,int &,int &,int &,int &,std::string &)' being compiled
          with
          [
              _Ty=Button
          ]
C:\Program Files\Microsoft Visual Studio\2022\Community\VC\Tools\MSVC\14.31.31103\include\memory(2726): message : see reference to function template instantiation 'std::_Ref_count_obj2<_Ty>::_Ref_count_obj2<sf::Vector2<float>,int&,int&,int&,int&,int&,std::string&>(sf::Vector2<float> &&,int &,int &,int &,int &,int &,std::string &)' being compiled
          with
          [
              _Ty=Button
          ]
C:\dev\TheLyceum\SpaceInvader\UIPanel.cpp(45): message : see reference to function template instantiation 'std::shared_ptr<Button> std::make_shared<Button,sf::Vector2f,int&,int&,int&,int&,int&,std::string&>(sf::Vector2f &&,int &,int &,int &,int &,int &,std::string &)' being compiled
GameEngine.obj : error LNK2019: unresolved external symbol "public: __thiscall sf::VideoMode::VideoMode(unsigned int,unsigned int,unsigned int)" (??0VideoMode@sf@@QAE@III@Z) referenced in function "public: __thiscall GameEngine::GameEngine(void)" (??0GameEngine@@QAE@XZ)
GameEngine.obj : error LNK2019: unresolved external symbol "public: static class sf::VideoMode __cdecl sf::VideoMode::getDesktopMode(void)" (?getDesktopMode@VideoMode@sf@@SA?AV12@XZ) referenced in function "public: __thiscall GameEngine::GameEngine(void)" (??0GameEngine@@QAE@XZ)
GameScreen.obj : error LNK2001: unresolved external symbol "public: static class sf::VideoMode __cdecl sf::VideoMode::getDesktopMode(void)" (?getDesktopMode@VideoMode@sf@@SA?AV12@XZ)
GameEngine.obj : error LNK2019: unresolved external symbol "public: void __thiscall sf::Window::create(class sf::VideoMode,class sf::String const &,unsigned int,struct sf::ContextSettings const &)" (?create@Window@sf@@QAEXVVideoMode@2@ABVString@2@IABUContextSettings@2@@Z) referenced in function "public: __thiscall GameEngine::GameEngine(void)" (??0GameEngine@@QAE@XZ)
sfml-graphics-s-d.lib(RenderWindow.cpp.obj) : error LNK2001: unresolved external symbol "public: void __thiscall sf::Window::create(class sf::VideoMode,class sf::String const &,unsigned int,struct sf::ContextSettings const &)" (?create@Window@sf@@QAEXVVideoMode@2@ABVString@2@IABUContextSettings@2@@Z)
GameEngine.obj : error LNK2019: unresolved external symbol "public: bool __thiscall sf::Window::isOpen(void)const " (?isOpen@Window@sf@@QBE_NXZ) referenced in function "public: void __thiscall GameEngine::run(void)" (?run@GameEngine@@QAEXXZ)
GameEngine.obj : error LNK2019: unresolved external symbol "public: void __thiscall sf::Window::display(void)" (?display@Window@sf@@QAEXXZ) referenced in function "private: void __thiscall GameEngine::draw(void)" (?draw@GameEngine@@AAEXXZ)
InputHandler.obj : error LNK2019: unresolved external symbol "public: static class sf::Vector2<int> __cdecl sf::Mouse::getPosition(void)" (?getPosition@Mouse@sf@@SA?AV?$Vector2@H@2@XZ) referenced in function "public: void __thiscall InputHandler::handleInput(class sf::RenderWindow &,class sf::Event &)" (?handleInput@InputHandler@@QAEXAAVRenderWindow@sf@@AAVEvent@3@@Z)
Screen.obj : error LNK2019: unresolved external symbol "public: bool __thiscall sf::Window::pollEvent(class sf::Event &)" (?pollEvent@Window@sf@@QAE_NAAVEvent@2@@Z) referenced in function "public: void __thiscall Screen::handleInput(class sf::RenderWindow &)" (?handleInput@Screen@@QAEXAAVRenderWindow@sf@@@Z)
SelectInputHandler.obj : error LNK2019: unresolved external symbol "public: static bool __cdecl sf::Keyboard::isKeyPressed(enum sf::Keyboard::Key)" (?isKeyPressed@Keyboard@sf@@SA_NW4Key@12@@Z) referenced in function "public: virtual void __thiscall SelectInputHandler::handleKeyPressed(class sf::Event &,class sf::RenderWindow &)" (?handleKeyPressed@SelectInputHandler@@UAEXAAVEvent@sf@@AAVRenderWindow@3@@Z)
SelectInputHandler.obj : error LNK2019: unresolved external symbol "public: void __thiscall sf::Window::close(void)" (?close@Window@sf@@QAEXXZ) referenced in function "public: virtual void __thiscall SelectInputHandler::handleKeyPressed(class sf::Event &,class sf::RenderWindow &)" (?handleKeyPressed@SelectInputHandler@@UAEXAAVEvent@sf@@AAVRenderWindow@3@@Z)
sfml-graphics-s-d.lib(Texture.cpp.obj) : error LNK2019: unresolved external symbol "protected: __thiscall sf::GlResource::GlResource(void)" (??0GlResource@sf@@IAE@XZ) referenced in function "public: __thiscall sf::Texture::Texture(void)" (??0Texture@sf@@QAE@XZ)
sfml-graphics-s-d.lib(Shader.cpp.obj) : error LNK2001: unresolved external symbol "protected: __thiscall sf::GlResource::GlResource(void)" (??0GlResource@sf@@IAE@XZ)
sfml-graphics-s-d.lib(VertexBuffer.cpp.obj) : error LNK2001: unresolved external symbol "protected: __thiscall sf::GlResource::GlResource(void)" (??0GlResource@sf@@IAE@XZ)
sfml-graphics-s-d.lib(RenderTextureImplFBO.cpp.obj) : error LNK2001: unresolved external symbol "protected: __thiscall sf::GlResource::GlResource(void)" (??0GlResource@sf@@IAE@XZ)
sfml-graphics-s-d.lib(Texture.cpp.obj) : error LNK2019: unresolved external symbol "protected: __thiscall sf::GlResource::~GlResource(void)" (??1GlResource@sf@@IAE@XZ) referenced in function "public: __thiscall sf::Texture::~Texture(void)" (??1Texture@sf@@QAE@XZ)
sfml-graphics-s-d.lib(Shader.cpp.obj) : error LNK2001: unresolved external symbol "protected: __thiscall sf::GlResource::~GlResource(void)" (??1GlResource@sf@@IAE@XZ)
sfml-graphics-s-d.lib(VertexBuffer.cpp.obj) : error LNK2001: unresolved external symbol "protected: __thiscall sf::GlResource::~GlResource(void)" (??1GlResource@sf@@IAE@XZ)
sfml-graphics-s-d.lib(RenderTextureImplFBO.cpp.obj) : error LNK2001: unresolved external symbol "protected: __thiscall sf::GlResource::~GlResource(void)" (??1GlResource@sf@@IAE@XZ)
sfml-graphics-s-d.lib(Texture.cpp.obj) : error LNK2019: unresolved external symbol "public: __thiscall sf::GlResource::TransientContextLock::TransientContextLock(void)" (??0TransientContextLock@GlResource@sf@@QAE@XZ) referenced in function "public: __thiscall sf::Texture::~Texture(void)" (??1Texture@sf@@QAE@XZ)
sfml-graphics-s-d.lib(Shader.cpp.obj) : error LNK2001: unresolved external symbol "public: __thiscall sf::GlResource::TransientContextLock::TransientContextLock(void)" (??0TransientContextLock@GlResource@sf@@QAE@XZ)
sfml-graphics-s-d.lib(VertexBuffer.cpp.obj) : error LNK2001: unresolved external symbol "public: __thiscall sf::GlResource::TransientContextLock::TransientContextLock(void)" (??0TransientContextLock@GlResource@sf@@QAE@XZ)
sfml-graphics-s-d.lib(RenderTextureImplFBO.cpp.obj) : error LNK2001: unresolved external symbol "public: __thiscall sf::GlResource::TransientContextLock::TransientContextLock(void)" (??0TransientContextLock@GlResource@sf@@QAE@XZ)
sfml-graphics-s-d.lib(Texture.cpp.obj) : error LNK2019: unresolved external symbol "public: __thiscall sf::GlResource::TransientContextLock::~TransientContextLock(void)" (??1TransientContextLock@GlResource@sf@@QAE@XZ) referenced in function "public: __thiscall sf::Texture::~Texture(void)" (??1Texture@sf@@QAE@XZ)
sfml-graphics-s-d.lib(Shader.cpp.obj) : error LNK2001: unresolved external symbol "public: __thiscall sf::GlResource::TransientContextLock::~TransientContextLock(void)" (??1TransientContextLock@GlResource@sf@@QAE@XZ)
sfml-graphics-s-d.lib(VertexBuffer.cpp.obj) : error LNK2001: unresolved external symbol "public: __thiscall sf::GlResource::TransientContextLock::~TransientContextLock(void)" (??1TransientContextLock@GlResource@sf@@QAE@XZ)
sfml-graphics-s-d.lib(RenderTextureImplFBO.cpp.obj) : error LNK2001: unresolved external symbol "public: __thiscall sf::GlResource::TransientContextLock::~TransientContextLock(void)" (??1TransientContextLock@GlResource@sf@@QAE@XZ)
sfml-graphics-s-d.lib(Texture.cpp.obj) : error LNK2019: unresolved external symbol "public: class sf::Vector2<unsigned int> __thiscall sf::Window::getSize(void)const " (?getSize@Window@sf@@QBE?AV?$Vector2@I@2@XZ) referenced in function "public: void __thiscall sf::Texture::update(class sf::Window const &,unsigned int,unsigned int)" (?update@Texture@sf@@QAEXABVWindow@2@II@Z)
sfml-graphics-s-d.lib(RenderWindow.cpp.obj) : error LNK2001: unresolved external symbol "public: class sf::Vector2<unsigned int> __thiscall sf::Window::getSize(void)const " (?getSize@Window@sf@@QBE?AV?$Vector2@I@2@XZ)
sfml-graphics-s-d.lib(Texture.cpp.obj) : error LNK2019: unresolved external symbol "public: bool __thiscall sf::Window::setActive(bool)const " (?setActive@Window@sf@@QBE_N_N@Z) referenced in function "public: void __thiscall sf::Texture::update(class sf::Window const &,unsigned int,unsigned int)" (?update@Texture@sf@@QAEXABVWindow@2@II@Z)
sfml-graphics-s-d.lib(RenderWindow.cpp.obj) : error LNK2001: unresolved external symbol "public: bool __thiscall sf::Window::setActive(bool)const " (?setActive@Window@sf@@QBE_N_N@Z)
sfml-graphics-s-d.lib(RenderTarget.cpp.obj) : error LNK2019: unresolved external symbol "public: static unsigned __int64 __cdecl sf::Context::getActiveContextId(void)" (?getActiveContextId@Context@sf@@SA_KXZ) referenced in function "public: virtual bool __thiscall sf::RenderTarget::setActive(bool)" (?setActive@RenderTarget@sf@@UAE_N_N@Z)
sfml-graphics-s-d.lib(RenderTextureImplFBO.cpp.obj) : error LNK2001: unresolved external symbol "public: static unsigned __int64 __cdecl sf::Context::getActiveContextId(void)" (?getActiveContextId@Context@sf@@SA_KXZ)
sfml-graphics-s-d.lib(RenderWindow.cpp.obj) : error LNK2019: unresolved external symbol "public: __thiscall sf::Window::Window(void)" (??0Window@sf@@QAE@XZ) referenced in function "public: __thiscall sf::RenderWindow::RenderWindow(void)" (??0RenderWindow@sf@@QAE@XZ)
sfml-graphics-s-d.lib(RenderWindow.cpp.obj) : error LNK2019: unresolved external symbol "public: virtual __thiscall sf::Window::~Window(void)" (??1Window@sf@@UAE@XZ) referenced in function "public: virtual __thiscall sf::RenderWindow::~RenderWindow(void)" (??1RenderWindow@sf@@UAE@XZ)
sfml-graphics-s-d.lib(RenderWindow.cpp.obj) : error LNK2019: unresolved external symbol "public: void __thiscall sf::Window::create(struct HWND__ *,struct sf::ContextSettings const &)" (?create@Window@sf@@QAEXPAUHWND__@@ABUContextSettings@2@@Z) referenced in function "public: __thiscall sf::RenderWindow::RenderWindow(struct HWND__ *,struct sf::ContextSettings const &)" (??0RenderWindow@sf@@QAE@PAUHWND__@@ABUContextSettings@1@@Z)
sfml-graphics-s-d.lib(GLLoader.cpp.obj) : error LNK2019: unresolved external symbol "public: static bool __cdecl sf::Context::isExtensionAvailable(char const *)" (?isExtensionAvailable@Context@sf@@SA_NPBD@Z) referenced in function _sfogl_LoadFunctions
sfml-graphics-s-d.lib(GLLoader.cpp.obj) : error LNK2019: unresolved external symbol "public: static void (__cdecl*__cdecl sf::Context::getFunction(char const *))(void)" (?getFunction@Context@sf@@SAP6AXXZPBD@Z) referenced in function "void (__cdecl*__cdecl glLoaderGetProcAddress(char const *))(void)" (?glLoaderGetProcAddress@@YAP6AXXZPBD@Z)
sfml-graphics-s-d.lib(RenderTextureImplFBO.cpp.obj) : error LNK2019: unresolved external symbol "protected: static void __cdecl sf::GlResource::registerContextDestroyCallback(void (__cdecl*)(void *),void *)" (?registerContextDestroyCallback@GlResource@sf@@KAXP6AXPAX@Z0@Z) referenced in function "public: __thiscall sf::priv::RenderTextureImplFBO::RenderTextureImplFBO(void)" (??0RenderTextureImplFBO@priv@sf@@QAE@XZ)
sfml-graphics-s-d.lib(RenderTextureImplFBO.cpp.obj) : error LNK2019: unresolved external symbol "public: __thiscall sf::Context::Context(void)" (??0Context@sf@@QAE@XZ) referenced in function "private: virtual bool __thiscall sf::priv::RenderTextureImplFBO::activate(bool)" (?activate@RenderTextureImplFBO@priv@sf@@EAE_N_N@Z)
sfml-graphics-s-d.lib(RenderTextureImplFBO.cpp.obj) : error LNK2019: unresolved external symbol "public: __thiscall sf::Context::~Context(void)" (??1Context@sf@@QAE@XZ) referenced in function "public: void * __thiscall sf::Context::`scalar deleting destructor'(unsigned int)" (??_GContext@sf@@QAEPAXI@Z)
sfml-graphics-s-d.lib(RenderTextureImplFBO.cpp.obj) : error LNK2019: unresolved external symbol "public: bool __thiscall sf::Context::setActive(bool)" (?setActive@Context@sf@@QAE_N_N@Z) referenced in function "private: virtual bool __thiscall sf::priv::RenderTextureImplFBO::activate(bool)" (?activate@RenderTextureImplFBO@priv@sf@@EAE_N_N@Z)
C:\dev\TheLyceum\SpaceInvader\Debug\SpaceInvader.exe : fatal error LNK1120: 25 unresolved externals
