  Pickup.cpp
C:\Users\Jonat\Desktop\TheLyceum\Zombie Arena\Pickup.h(35,16): error C4596: '{ctor}': illegal qualified name in member declaration
C:\Users\Jonat\Desktop\TheLyceum\Zombie Arena\Pickup.cpp(28,20): warning C4244: '=': conversion from 'const int' to 'float', possible loss of data
C:\Users\Jonat\Desktop\TheLyceum\Zombie Arena\Pickup.cpp(29,20): warning C4244: '=': conversion from 'const int' to 'float', possible loss of data
C:\Users\Jonat\Desktop\TheLyceum\Zombie Arena\Pickup.cpp(55,26): warning C4244: 'argument': conversion from 'int' to 'float', possible loss of data
C:\Users\Jonat\Desktop\TheLyceum\Zombie Arena\Pickup.cpp(55,23): warning C4244: 'argument': conversion from 'int' to 'float', possible loss of data
C:\Users\Jonat\Desktop\TheLyceum\Zombie Arena\Pickup.cpp(112,34): warning C4244: '+=': conversion from 'double' to 'int', possible loss of data
C:\Users\Jonat\Desktop\TheLyceum\Zombie Arena\Pickup.cpp(116,32): warning C4244: '+=': conversion from 'double' to 'int', possible loss of data
  Zombie Arena.cpp
C:\Users\Jonat\Desktop\TheLyceum\Zombie Arena\Pickup.h(35,16): error C4596: '{ctor}': illegal qualified name in member declaration
C:\Users\Jonat\Desktop\TheLyceum\Zombie Arena\Zombie Arena.cpp(25,44): warning C4244: '=': conversion from 'unsigned int' to 'T', possible loss of data
          with
          [
              T=float
          ]
C:\Users\Jonat\Desktop\TheLyceum\Zombie Arena\Zombie Arena.cpp(26,44): warning C4244: '=': conversion from 'unsigned int' to 'T', possible loss of data
          with
          [
              T=float
          ]
C:\Users\Jonat\Desktop\TheLyceum\Zombie Arena\Zombie Arena.cpp(27,56): warning C4244: 'argument': conversion from 'T' to 'unsigned int', possible loss of data
          with
          [
              T=float
          ]
C:\Users\Jonat\Desktop\TheLyceum\Zombie Arena\Zombie Arena.cpp(27,42): warning C4244: 'argument': conversion from 'T' to 'unsigned int', possible loss of data
          with
          [
              T=float
          ]
  Generating Code...
