  Bob.cpp
  DetectCollisions.cpp
C:\dev\TheLyceum\TWL\DetectCollisions.cpp(13,17): warning C4244: '=': conversion from 'const int' to 'T', possible loss of data
          with
          [
              T=float
          ]
C:\dev\TheLyceum\TWL\DetectCollisions.cpp(14,17): warning C4244: '=': conversion from 'const int' to 'T', possible loss of data
          with
          [
              T=float
          ]
C:\dev\TheLyceum\TWL\DetectCollisions.cpp(37,25): warning C4244: 'argument': conversion from 'int' to 'T', possible loss of data
          with
          [
              T=float
          ]
C:\dev\TheLyceum\TWL\DetectCollisions.cpp(36,46): warning C4244: 'argument': conversion from 'int' to 'T', possible loss of data
          with
          [
              T=float
          ]
C:\dev\TheLyceum\TWL\DetectCollisions.cpp(42,44): warning C4244: 'argument': conversion from 'const int' to 'float', possible loss of data
C:\dev\TheLyceum\TWL\DetectCollisions.cpp(51,19): warning C4244: '=': conversion from 'int' to 'T', possible loss of data
          with
          [
              T=float
          ]
C:\dev\TheLyceum\TWL\DetectCollisions.cpp(52,19): warning C4244: '=': conversion from 'int' to 'T', possible loss of data
          with
          [
              T=float
          ]
C:\dev\TheLyceum\TWL\DetectCollisions.cpp(60,47): warning C4244: 'argument': conversion from 'const int' to 'float', possible loss of data
  Draw.cpp
  Engine.cpp
C:\dev\TheLyceum\TWL\Engine.cpp(7,44): warning C4244: '=': conversion from 'unsigned int' to 'T', possible loss of data
          with
          [
              T=float
          ]
C:\dev\TheLyceum\TWL\Engine.cpp(8,44): warning C4244: '=': conversion from 'unsigned int' to 'T', possible loss of data
          with
          [
              T=float
          ]
C:\dev\TheLyceum\TWL\Engine.cpp(9,52): warning C4244: 'argument': conversion from 'T' to 'unsigned int', possible loss of data
          with
          [
              T=float
          ]
C:\dev\TheLyceum\TWL\Engine.cpp(9,38): warning C4244: 'argument': conversion from 'T' to 'unsigned int', possible loss of data
          with
          [
              T=float
          ]
  Input.cpp
  LoadLevel.cpp
C:\dev\TheLyceum\TWL\LoadLevel.cpp(23,42): warning C4244: 'argument': conversion from 'const int' to 'float', possible loss of data
C:\dev\TheLyceum\TWL\LoadLevel.cpp(24,39): warning C4244: 'argument': conversion from 'const int' to 'float', possible loss of data
  Main.cpp
  Update.cpp
  Generating Code...
  TWL.vcxproj -> C:\dev\TheLyceum\TWL\bin\Win32\Debug\TWL.exe
